<?xml version="1.0" encoding="UTF-8"?>
<testng-results ignored="0" total="1" passed="1" failed="0" skipped="0">
  <reporter-output>
  </reporter-output>
  <suite started-at="2025-02-24T18:26:09 MSK" name="Default suite" finished-at="2025-02-24T18:26:24 MSK" duration-ms="14390">
    <groups>
    </groups>
    <test started-at="2025-02-24T18:26:09 MSK" name="Default test" finished-at="2025-02-24T18:26:24 MSK" duration-ms="14390">
      <class name="com.github.daryamals.ui_automation.tests.FeedbackFormTest">
        <test-method is-config="true" signature="setUp()[pri:0, instance:com.github.daryamals.ui_automation.tests.FeedbackFormTest@64e7619d]" started-at="2025-02-24T18:26:09 MSK" name="setUp" finished-at="2025-02-24T18:26:21 MSK" duration-ms="11433" status="PASS">
          <reporter-output>
          </reporter-output>
        </test-method> <!-- setUp -->
        <test-method signature="testFeedbackFormSubmission()[pri:0, instance:com.github.daryamals.ui_automation.tests.FeedbackFormTest@64e7619d]" started-at="2025-02-24T18:26:21 MSK" name="testFeedbackFormSubmission" finished-at="2025-02-24T18:26:23 MSK" duration-ms="2039" status="PASS">
          <reporter-output>
          </reporter-output>
        </test-method> <!-- testFeedbackFormSubmission -->
        <test-method is-config="true" signature="tearDown()[pri:0, instance:com.github.daryamals.ui_automation.tests.FeedbackFormTest@64e7619d]" started-at="2025-02-24T18:26:23 MSK" name="tearDown" finished-at="2025-02-24T18:26:24 MSK" duration-ms="554" status="PASS">
          <reporter-output>
          </reporter-output>
        </test-method> <!-- tearDown -->
      </class> <!-- com.github.daryamals.ui_automation.tests.FeedbackFormTest -->
    </test> <!-- Default test -->
  </suite> <!-- Default suite -->
</testng-results>
